24.08.2019_11:08:04 [CRITICAL] mksbase._set_args  --  running <R>, 1> fx [runSeq] - Number of arguments (3)
24.08.2019_11:08:04 [INFO    ] app_env.get_env_vars  -- No env vars to load
24.08.2019_11:08:04 [INFO    ] app_conf.load_app_config  -- Loading config file : D:\Projects\python\debug\config\marcador.cfg
24.08.2019_11:08:04 [DEBUG   ] app_conf.load_app_config  -- Config File Variables ['db_dsn', 'db_host', 'db_port', 'db_user', 'db_pswd', 'db_name', 'mail_sender', 'mail_passwd', 'mail_targets', 'company-1', 'out_fn-1', 'ip-1', 'machine-1', 'sleep_time-1', 'out_path-1', 'path_move-1', 'move_set-1', 'end_time-1']
24.08.2019_11:08:04 [DEBUG   ] app_conf.load_app_config  -- App Variables ['db_dsn', 'db_host', 'db_port', 'db_user', 'db_pswd', 'db_name', 'mail_sender', 'mail_passwd', 'mail_targets', 'company-1', 'out_fn-1', 'ip-1', 'machine-1', 'sleep_time-1', 'out_path-1', 'path_move-1', 'move_set-1', 'end_time-1']
24.08.2019_11:08:04 [DEBUG   ] mksbase.print_config_vars  -- self.config_vars = db_dsn --  mysql
24.08.2019_11:08:04 [DEBUG   ] mksbase.print_config_vars  -- self.config_vars = db_host --  127.0.0.1
24.08.2019_11:08:04 [DEBUG   ] mksbase.print_config_vars  -- self.config_vars = db_port --  3306
24.08.2019_11:08:04 [DEBUG   ] mksbase.print_config_vars  -- self.config_vars = db_user --  root
24.08.2019_11:08:04 [DEBUG   ] mksbase.print_config_vars  -- self.config_vars = db_pswd --  lenovo19
24.08.2019_11:08:04 [DEBUG   ] mksbase.print_config_vars  -- self.config_vars = db_name --  fingerprint
24.08.2019_11:08:04 [DEBUG   ] mksbase.print_config_vars  -- self.config_vars = mail_sender --  boot.tasks@gmail.com
24.08.2019_11:08:04 [DEBUG   ] mksbase.print_config_vars  -- self.config_vars = mail_passwd --  Lenovo19
24.08.2019_11:08:04 [DEBUG   ] mksbase.print_config_vars  -- self.config_vars = mail_targets --  web@mks.com.pe
24.08.2019_11:08:04 [DEBUG   ] mksbase.print_config_vars  -- self.config_vars = company-1 --  MKS
24.08.2019_11:08:04 [DEBUG   ] mksbase.print_config_vars  -- self.config_vars = out_fn-1 --  DNIMKS.prn
24.08.2019_11:08:04 [DEBUG   ] mksbase.print_config_vars  -- self.config_vars = ip-1 --  192.168.1.9
24.08.2019_11:08:04 [DEBUG   ] mksbase.print_config_vars  -- self.config_vars = machine-1 --  3
24.08.2019_11:08:04 [DEBUG   ] mksbase.print_config_vars  -- self.config_vars = sleep_time-1 --  5
24.08.2019_11:08:04 [DEBUG   ] mksbase.print_config_vars  -- self.config_vars = out_path-1 --  D:\MARCACION
24.08.2019_11:08:04 [DEBUG   ] mksbase.print_config_vars  -- self.config_vars = path_move-1 --  \\192.187.18.82\Public
24.08.2019_11:08:04 [DEBUG   ] mksbase.print_config_vars  -- self.config_vars = move_set-1 --  0
24.08.2019_11:08:04 [DEBUG   ] mksbase.print_config_vars  -- self.config_vars = end_time-1 --  22:00:00
24.08.2019_11:08:04 [INFO    ] mksbase.set_statement_file  --  statements file exist, name:D:\Projects\python\debug\lib\statements\marcador.py
24.08.2019_11:08:04 [INFO    ] mksbase._execSteps  -- runStep = R
24.08.2019_11:08:04 [INFO    ] zkutils._zk_connect  --  connected to machine, ip 192.168.1.9
24.08.2019_11:08:04 [INFO    ] mksbase._execSteps  -- R:reboot_machine()	rc	= 0
24.08.2019_11:08:04 [INFO    ] mksbase.main  -- Completed running exec_steps rc = 0
24.08.2019_11:09:56 [CRITICAL] mksbase._set_args  --  running <R>, 1> fx [runSeq] - Number of arguments (3)
24.08.2019_11:09:56 [INFO    ] app_env.get_env_vars  -- No env vars to load
24.08.2019_11:09:56 [INFO    ] app_conf.load_app_config  -- Loading config file : D:\Projects\python\debug\config\marcador.cfg
24.08.2019_11:09:56 [DEBUG   ] app_conf.load_app_config  -- Config File Variables ['db_dsn', 'db_host', 'db_port', 'db_user', 'db_pswd', 'db_name', 'mail_sender', 'mail_passwd', 'mail_targets', 'company-1', 'out_fn-1', 'ip-1', 'machine-1', 'sleep_time-1', 'out_path-1', 'path_move-1', 'move_set-1', 'end_time-1']
24.08.2019_11:09:56 [DEBUG   ] app_conf.load_app_config  -- App Variables ['db_dsn', 'db_host', 'db_port', 'db_user', 'db_pswd', 'db_name', 'mail_sender', 'mail_passwd', 'mail_targets', 'company-1', 'out_fn-1', 'ip-1', 'machine-1', 'sleep_time-1', 'out_path-1', 'path_move-1', 'move_set-1', 'end_time-1']
24.08.2019_11:09:56 [DEBUG   ] mksbase.print_config_vars  -- self.config_vars = db_dsn --  mysql
24.08.2019_11:09:56 [DEBUG   ] mksbase.print_config_vars  -- self.config_vars = db_host --  127.0.0.1
24.08.2019_11:09:56 [DEBUG   ] mksbase.print_config_vars  -- self.config_vars = db_port --  3306
24.08.2019_11:09:56 [DEBUG   ] mksbase.print_config_vars  -- self.config_vars = db_user --  root
24.08.2019_11:09:56 [DEBUG   ] mksbase.print_config_vars  -- self.config_vars = db_pswd --  lenovo19
24.08.2019_11:09:56 [DEBUG   ] mksbase.print_config_vars  -- self.config_vars = db_name --  fingerprint
24.08.2019_11:09:56 [DEBUG   ] mksbase.print_config_vars  -- self.config_vars = mail_sender --  boot.tasks@gmail.com
24.08.2019_11:09:56 [DEBUG   ] mksbase.print_config_vars  -- self.config_vars = mail_passwd --  Lenovo19
24.08.2019_11:09:56 [DEBUG   ] mksbase.print_config_vars  -- self.config_vars = mail_targets --  web@mks.com.pe
24.08.2019_11:09:56 [DEBUG   ] mksbase.print_config_vars  -- self.config_vars = company-1 --  MKS
24.08.2019_11:09:56 [DEBUG   ] mksbase.print_config_vars  -- self.config_vars = out_fn-1 --  DNIMKS.prn
24.08.2019_11:09:56 [DEBUG   ] mksbase.print_config_vars  -- self.config_vars = ip-1 --  192.168.1.9
24.08.2019_11:09:56 [DEBUG   ] mksbase.print_config_vars  -- self.config_vars = machine-1 --  3
24.08.2019_11:09:56 [DEBUG   ] mksbase.print_config_vars  -- self.config_vars = sleep_time-1 --  5
24.08.2019_11:09:56 [DEBUG   ] mksbase.print_config_vars  -- self.config_vars = out_path-1 --  D:\MARCACION
24.08.2019_11:09:56 [DEBUG   ] mksbase.print_config_vars  -- self.config_vars = path_move-1 --  \\192.187.18.82\Public
24.08.2019_11:09:56 [DEBUG   ] mksbase.print_config_vars  -- self.config_vars = move_set-1 --  0
24.08.2019_11:09:56 [DEBUG   ] mksbase.print_config_vars  -- self.config_vars = end_time-1 --  22:00:00
24.08.2019_11:09:56 [INFO    ] mksbase.set_statement_file  --  statements file exist, name:D:\Projects\python\debug\lib\statements\marcador.py
24.08.2019_11:09:56 [INFO    ] mksbase._execSteps  -- runStep = R
24.08.2019_11:09:56 [INFO    ] zkutils._zk_connect  --  connected to machine, ip 192.168.1.9
24.08.2019_11:23:30 [CRITICAL] mksbase._set_args  --  running <R>, 1> fx [runSeq] - Number of arguments (3)
24.08.2019_11:23:30 [INFO    ] app_env.get_env_vars  -- No env vars to load
24.08.2019_11:23:30 [INFO    ] app_conf.load_app_config  -- Loading config file : D:\Projects\python\debug\config\marcador.cfg
24.08.2019_11:23:30 [DEBUG   ] app_conf.load_app_config  -- Config File Variables ['db_dsn', 'db_host', 'db_port', 'db_user', 'db_pswd', 'db_name', 'mail_sender', 'mail_passwd', 'mail_targets', 'company-1', 'out_fn-1', 'ip-1', 'machine-1', 'sleep_time-1', 'out_path-1', 'path_move-1', 'move_set-1', 'end_time-1']
24.08.2019_11:23:30 [DEBUG   ] app_conf.load_app_config  -- App Variables ['db_dsn', 'db_host', 'db_port', 'db_user', 'db_pswd', 'db_name', 'mail_sender', 'mail_passwd', 'mail_targets', 'company-1', 'out_fn-1', 'ip-1', 'machine-1', 'sleep_time-1', 'out_path-1', 'path_move-1', 'move_set-1', 'end_time-1']
24.08.2019_11:23:30 [DEBUG   ] mksbase.print_config_vars  -- self.config_vars = db_dsn --  mysql
24.08.2019_11:23:30 [DEBUG   ] mksbase.print_config_vars  -- self.config_vars = db_host --  127.0.0.1
24.08.2019_11:23:30 [DEBUG   ] mksbase.print_config_vars  -- self.config_vars = db_port --  3306
24.08.2019_11:23:30 [DEBUG   ] mksbase.print_config_vars  -- self.config_vars = db_user --  root
24.08.2019_11:23:30 [DEBUG   ] mksbase.print_config_vars  -- self.config_vars = db_pswd --  lenovo19
24.08.2019_11:23:30 [DEBUG   ] mksbase.print_config_vars  -- self.config_vars = db_name --  fingerprint
24.08.2019_11:23:30 [DEBUG   ] mksbase.print_config_vars  -- self.config_vars = mail_sender --  boot.tasks@gmail.com
24.08.2019_11:23:30 [DEBUG   ] mksbase.print_config_vars  -- self.config_vars = mail_passwd --  Lenovo19
24.08.2019_11:23:30 [DEBUG   ] mksbase.print_config_vars  -- self.config_vars = mail_targets --  web@mks.com.pe
24.08.2019_11:23:30 [DEBUG   ] mksbase.print_config_vars  -- self.config_vars = company-1 --  MKS
24.08.2019_11:23:30 [DEBUG   ] mksbase.print_config_vars  -- self.config_vars = out_fn-1 --  DNIMKS.prn
24.08.2019_11:23:30 [DEBUG   ] mksbase.print_config_vars  -- self.config_vars = ip-1 --  192.168.1.9
24.08.2019_11:23:30 [DEBUG   ] mksbase.print_config_vars  -- self.config_vars = machine-1 --  3
24.08.2019_11:23:30 [DEBUG   ] mksbase.print_config_vars  -- self.config_vars = sleep_time-1 --  5
24.08.2019_11:23:30 [DEBUG   ] mksbase.print_config_vars  -- self.config_vars = out_path-1 --  D:\MARCACION
24.08.2019_11:23:30 [DEBUG   ] mksbase.print_config_vars  -- self.config_vars = path_move-1 --  \\192.187.18.82\Public
24.08.2019_11:23:30 [DEBUG   ] mksbase.print_config_vars  -- self.config_vars = move_set-1 --  0
24.08.2019_11:23:30 [DEBUG   ] mksbase.print_config_vars  -- self.config_vars = end_time-1 --  22:00:00
24.08.2019_11:23:30 [INFO    ] mksbase.set_statement_file  --  statements file exist, name:D:\Projects\python\debug\lib\statements\marcador.py
24.08.2019_11:23:30 [INFO    ] mksbase._execSteps  -- runStep = R
24.08.2019_11:23:31 [INFO    ] zkutils._zk_connect  --  connected to machine, ip 192.168.1.9
24.08.2019_11:23:36 [INFO    ] zkutils._zk_disconnect  -- Except -> timed out 
24.08.2019_11:23:36 [INFO    ] mksbase._execSteps  -- R:reboot_machine()	rc	= 0
24.08.2019_11:23:36 [INFO    ] mksbase.main  -- Completed running exec_steps rc = 0
